2024-02-22 13:19:34 - Starting C:\Program Files\nodejs\node.exe  --harmony --max_old_space_size=4096 C:\Users\PC\AppData\Roaming\npm\node_modules\node-windows\lib\wrapper.js --file C:\Users\PC\Application\V2.0\restroom\appserver\index.js --scriptoptions= --log "restRoomApi wrapper" --grow 0.25 --wait 1 --maxrestarts 3 --abortonerror n --stopparentfirst undefined
2024-02-22 13:19:34 - Started 9576
2024-02-22 13:25:39 - Starting C:\Program Files\nodejs\node.exe  --harmony --max_old_space_size=4096 C:\Users\PC\AppData\Roaming\npm\node_modules\node-windows\lib\wrapper.js --file C:\Users\PC\Application\V2.0\restroom\appserver\index.js --scriptoptions= --log "restRoomApi wrapper" --grow 0.25 --wait 1 --maxrestarts 3 --abortonerror n --stopparentfirst undefined
2024-02-22 13:25:39 - Started 5924
2024-02-23 09:51:52 - Stopping restroomapi.exe
2024-02-23 09:51:52 - ProcessKill 5924
2024-02-23 09:51:52 - Shutdown exception
Message:A system shutdown is in progress.

Stacktrace:   at System.Runtime.InteropServices.Marshal.ThrowExceptionForHRInternal(Int32 errorCode, IntPtr errorInfo)
   at System.Management.ManagementScope.InitializeGuts(Object o)
   at System.Management.ManagementScope.Initialize()
   at System.Management.ManagementObjectSearcher.Initialize()
   at System.Management.ManagementObjectSearcher.Get()
   at winsw.WrapperService.GetChildPids(Int32 pid)
   at winsw.WrapperService.StopProcessAndChildren(Int32 pid)
   at winsw.WrapperService.StopIt()
   at winsw.WrapperService.OnShutdown()
2024-02-23 09:52:11 - Starting C:\Program Files\nodejs\node.exe  --harmony --max_old_space_size=4096 C:\Users\PC\AppData\Roaming\npm\node_modules\node-windows\lib\wrapper.js --file C:\Users\PC\Application\V2.0\restroom\appserver\index.js --scriptoptions= --log "restRoomApi wrapper" --grow 0.25 --wait 1 --maxrestarts 3 --abortonerror n --stopparentfirst undefined
2024-02-23 09:52:11 - Started 6120
2024-03-01 10:16:04 - Starting C:\Program Files\nodejs\node.exe  --harmony --max_old_space_size=4096 C:\Users\PC\AppData\Roaming\npm\node_modules\node-windows\lib\wrapper.js --file C:\Users\PC\Application\V2.0\restroom\appserver\index.js --scriptoptions= --log "restRoomApi wrapper" --grow 0.25 --wait 1 --maxrestarts 3 --abortonerror n --stopparentfirst undefined
2024-03-01 10:16:04 - Started 5344
2024-03-04 08:42:14 - Starting C:\Program Files\nodejs\node.exe  --harmony --max_old_space_size=4096 C:\Users\PC\AppData\Roaming\npm\node_modules\node-windows\lib\wrapper.js --file C:\Users\PC\Application\V2.0\restroom\appserver\index.js --scriptoptions= --log "restRoomApi wrapper" --grow 0.25 --wait 1 --maxrestarts 3 --abortonerror n --stopparentfirst undefined
2024-03-04 08:42:15 - Started 5704
2024-03-05 08:40:36 - Starting C:\Program Files\nodejs\node.exe  --harmony --max_old_space_size=4096 C:\Users\PC\AppData\Roaming\npm\node_modules\node-windows\lib\wrapper.js --file C:\Users\PC\Application\V2.0\restroom\appserver\index.js --scriptoptions= --log "restRoomApi wrapper" --grow 0.25 --wait 1 --maxrestarts 3 --abortonerror n --stopparentfirst undefined
2024-03-05 08:40:36 - Started 5364
2024-03-05 10:03:11 - Starting C:\Program Files\nodejs\node.exe  --harmony --max_old_space_size=4096 C:\Users\PC\AppData\Roaming\npm\node_modules\node-windows\lib\wrapper.js --file C:\Users\PC\Application\V2.0\restroom\appserver\index.js --scriptoptions= --log "restRoomApi wrapper" --grow 0.25 --wait 1 --maxrestarts 3 --abortonerror n --stopparentfirst undefined
2024-03-05 10:03:11 - Started 5860
2024-03-06 09:29:42 - Starting C:\Program Files\nodejs\node.exe  --harmony --max_old_space_size=4096 C:\Users\PC\AppData\Roaming\npm\node_modules\node-windows\lib\wrapper.js --file C:\Users\PC\Application\V2.0\restroom\appserver\index.js --scriptoptions= --log "restRoomApi wrapper" --grow 0.25 --wait 1 --maxrestarts 3 --abortonerror n --stopparentfirst undefined
2024-03-06 09:29:42 - Started 6032
