2024-04-22 13:25:00 - Starting C:\Program Files\nodejs\node.exe  --harmony --max_old_space_size=4096 C:\Users\PC\AppData\Roaming\npm\node_modules\node-windows\lib\wrapper.js --file C:\Users\PC\Application\V2.0\restroom\appserver\index.js --scriptoptions= --log "RoomApiServerV3 wrapper" --grow 0.25 --wait 1 --maxrestarts 3 --abortonerror n --stopparentfirst undefined
2024-04-22 13:25:00 - Started 3424
2024-04-30 12:29:52 - Stopping roomapiserverv3.exe
2024-04-30 12:29:52 - ProcessKill 3424
2024-04-30 12:29:52 - Shutdown exception
Message:A system shutdown is in progress.

Stacktrace:   at System.Runtime.InteropServices.Marshal.ThrowExceptionForHRInternal(Int32 errorCode, IntPtr errorInfo)
   at System.Management.ManagementScope.InitializeGuts(Object o)
   at System.Management.ManagementScope.Initialize()
   at System.Management.ManagementObjectSearcher.Initialize()
   at System.Management.ManagementObjectSearcher.Get()
   at winsw.WrapperService.GetChildPids(Int32 pid)
   at winsw.WrapperService.StopProcessAndChildren(Int32 pid)
   at winsw.WrapperService.StopIt()
   at winsw.WrapperService.OnShutdown()
2024-04-30 12:30:13 - Starting C:\Program Files\nodejs\node.exe  --harmony --max_old_space_size=4096 C:\Users\PC\AppData\Roaming\npm\node_modules\node-windows\lib\wrapper.js --file C:\Users\PC\Application\V2.0\restroom\appserver\index.js --scriptoptions= --log "RoomApiServerV3 wrapper" --grow 0.25 --wait 1 --maxrestarts 3 --abortonerror n --stopparentfirst undefined
2024-04-30 12:30:13 - Started 5888
2024-05-18 00:37:21 - Starting C:\Program Files\nodejs\node.exe  --harmony --max_old_space_size=4096 C:\Users\PC\AppData\Roaming\npm\node_modules\node-windows\lib\wrapper.js --file C:\Users\PC\Application\V2.0\restroom\appserver\index.js --scriptoptions= --log "RoomApiServerV3 wrapper" --grow 0.25 --wait 1 --maxrestarts 3 --abortonerror n --stopparentfirst undefined
2024-05-18 00:37:21 - Started 5036
2024-05-27 09:06:11 - Starting C:\Program Files\nodejs\node.exe  --harmony --max_old_space_size=4096 C:\Users\PC\AppData\Roaming\npm\node_modules\node-windows\lib\wrapper.js --file C:\Users\PC\Application\V2.0\restroom\appserver\index.js --scriptoptions= --log "RoomApiServerV3 wrapper" --grow 0.25 --wait 1 --maxrestarts 3 --abortonerror n --stopparentfirst undefined
2024-05-27 09:06:11 - Started 6468
2024-05-31 09:37:25 - Starting C:\Program Files\nodejs\node.exe  --harmony --max_old_space_size=4096 C:\Users\PC\AppData\Roaming\npm\node_modules\node-windows\lib\wrapper.js --file C:\Users\PC\Application\V2.0\restroom\appserver\index.js --scriptoptions= --log "RoomApiServerV3 wrapper" --grow 0.25 --wait 1 --maxrestarts 3 --abortonerror n --stopparentfirst undefined
2024-05-31 09:37:25 - Started 6160
2024-06-04 09:06:20 - Starting C:\Program Files\nodejs\node.exe  --harmony --max_old_space_size=4096 C:\Users\PC\AppData\Roaming\npm\node_modules\node-windows\lib\wrapper.js --file C:\Users\PC\Application\V2.0\restroom\appserver\index.js --scriptoptions= --log "RoomApiServerV3 wrapper" --grow 0.25 --wait 1 --maxrestarts 3 --abortonerror n --stopparentfirst undefined
2024-06-04 09:06:20 - Started 6764
