2024-03-29 11:41:34 - Starting C:\Program Files\nodejs\node.exe  --harmony --max_old_space_size=4096 C:\Users\PC\AppData\Roaming\npm\node_modules\node-windows\lib\wrapper.js --file C:\Users\PC\Application\V2.0\restroom\appserver\index.js --scriptoptions= --log "RoomApiServerRelease1 wrapper" --grow 0.25 --wait 1 --maxrestarts 3 --abortonerror n --stopparentfirst undefined
2024-03-29 11:41:34 - Started 11592
2024-04-03 10:52:14 - Stopping roomapiserverrelease1.exe
2024-04-03 10:52:14 - ProcessKill 5580
2024-04-03 10:52:14 - Found child process: 5608 Name: conhost.exe
2024-04-03 10:52:14 - Found child process: 3700 Name: node.exe
2024-04-03 10:52:14 - Stopping process 5608
2024-04-03 10:52:14 - Send SIGINT 5608
2024-04-03 10:52:14 - SIGINT to 5608 failed - Killing as fallback
2024-04-03 10:52:14 - Found child process: 6000 Name: cmd.exe
2024-04-03 10:52:14 - Found child process: 3644 Name: conhost.exe
2024-04-03 10:52:15 - Found child process: 6856 Name: node.exe
2024-04-03 10:52:15 - Stopping process 3644
2024-04-03 10:52:15 - Send SIGINT 3644
2024-04-03 10:52:15 - SIGINT to 3644 failed - Killing as fallback
2024-04-03 10:52:15 - Found child process: 7156 Name: cmd.exe
2024-04-03 10:52:15 - Found child process: 5732 Name: node.exe
2024-04-03 10:52:15 - Stopping process 5732
2024-04-03 10:52:15 - Send SIGINT 5732
2024-04-03 10:52:15 - SIGINT to 5732 failed - Killing as fallback
2024-04-03 10:52:15 - Stopping process 7156
2024-04-03 10:52:15 - Send SIGINT 7156
2024-04-03 10:52:15 - SIGINT to 7156 failed - Killing as fallback
2024-04-03 10:52:15 - Stopping process 6856
2024-04-03 10:52:15 - Send SIGINT 6856
2024-04-03 10:52:15 - SIGINT to 6856 failed - Killing as fallback
2024-04-03 10:52:15 - Stopping process 6000
2024-04-03 10:52:15 - Send SIGINT 6000
2024-04-03 10:52:15 - SIGINT to 6000 failed - Killing as fallback
2024-04-03 10:52:15 - Stopping process 3700
2024-04-03 10:52:15 - Send SIGINT 3700
2024-04-03 10:52:15 - SIGINT to 3700 failed - Killing as fallback
2024-04-03 10:52:15 - Stopping process 5580
2024-04-03 10:52:15 - Send SIGINT 5580
2024-04-03 10:52:15 - SIGINT to 5580 failed - Killing as fallback
2024-04-03 10:52:15 - Finished roomapiserverrelease1.exe
2024-04-30 12:30:13 - Starting C:\Program Files\nodejs\node.exe  --harmony --max_old_space_size=4096 C:\Users\PC\AppData\Roaming\npm\node_modules\node-windows\lib\wrapper.js --file C:\Users\PC\Application\V2.0\restroom\appserver\index.js --scriptoptions= --log "RoomApiServerRelease1 wrapper" --grow 0.25 --wait 1 --maxrestarts 3 --abortonerror n --stopparentfirst undefined
2024-04-30 12:30:13 - Started 5896
2024-05-18 00:37:04 - Stopping roomapiserverrelease1.exe
2024-05-18 00:37:04 - ProcessKill 5896
2024-05-18 00:37:04 - Shutdown exception
Message:A system shutdown is in progress.

Stacktrace:   at System.Runtime.InteropServices.Marshal.ThrowExceptionForHRInternal(Int32 errorCode, IntPtr errorInfo)
   at System.Management.ManagementScope.InitializeGuts(Object o)
   at System.Management.ManagementScope.Initialize()
   at System.Management.ManagementObjectSearcher.Initialize()
   at System.Management.ManagementObjectSearcher.Get()
   at winsw.WrapperService.GetChildPids(Int32 pid)
   at winsw.WrapperService.StopProcessAndChildren(Int32 pid)
   at winsw.WrapperService.StopIt()
   at winsw.WrapperService.OnShutdown()
2024-05-18 00:37:21 - Starting C:\Program Files\nodejs\node.exe  --harmony --max_old_space_size=4096 C:\Users\PC\AppData\Roaming\npm\node_modules\node-windows\lib\wrapper.js --file C:\Users\PC\Application\V2.0\restroom\appserver\index.js --scriptoptions= --log "RoomApiServerRelease1 wrapper" --grow 0.25 --wait 1 --maxrestarts 3 --abortonerror n --stopparentfirst undefined
2024-05-18 00:37:21 - Started 6136
2024-05-27 09:05:49 - Stopping roomapiserverrelease1.exe
2024-05-27 09:05:49 - ProcessKill 6136
2024-05-27 09:05:49 - Shutdown exception
Message:A system shutdown is in progress.

Stacktrace:   at System.Runtime.InteropServices.Marshal.ThrowExceptionForHRInternal(Int32 errorCode, IntPtr errorInfo)
   at System.Management.ManagementScope.InitializeGuts(Object o)
   at System.Management.ManagementScope.Initialize()
   at System.Management.ManagementObjectSearcher.Initialize()
   at System.Management.ManagementObjectSearcher.Get()
   at winsw.WrapperService.GetChildPids(Int32 pid)
   at winsw.WrapperService.StopProcessAndChildren(Int32 pid)
   at winsw.WrapperService.StopIt()
   at winsw.WrapperService.OnShutdown()
2024-05-27 09:06:11 - Starting C:\Program Files\nodejs\node.exe  --harmony --max_old_space_size=4096 C:\Users\PC\AppData\Roaming\npm\node_modules\node-windows\lib\wrapper.js --file C:\Users\PC\Application\V2.0\restroom\appserver\index.js --scriptoptions= --log "RoomApiServerRelease1 wrapper" --grow 0.25 --wait 1 --maxrestarts 3 --abortonerror n --stopparentfirst undefined
2024-05-27 09:06:11 - Started 6452
2024-05-31 09:37:25 - Starting C:\Program Files\nodejs\node.exe  --harmony --max_old_space_size=4096 C:\Users\PC\AppData\Roaming\npm\node_modules\node-windows\lib\wrapper.js --file C:\Users\PC\Application\V2.0\restroom\appserver\index.js --scriptoptions= --log "RoomApiServerRelease1 wrapper" --grow 0.25 --wait 1 --maxrestarts 3 --abortonerror n --stopparentfirst undefined
2024-05-31 09:37:25 - Started 6180
2024-06-04 09:06:20 - Starting C:\Program Files\nodejs\node.exe  --harmony --max_old_space_size=4096 C:\Users\PC\AppData\Roaming\npm\node_modules\node-windows\lib\wrapper.js --file C:\Users\PC\Application\V2.0\restroom\appserver\index.js --scriptoptions= --log "RoomApiServerRelease1 wrapper" --grow 0.25 --wait 1 --maxrestarts 3 --abortonerror n --stopparentfirst undefined
2024-06-04 09:06:20 - Started 6752
