2024-04-03 10:55:12 - Starting C:\Program Files\nodejs\node.exe  --harmony --max_old_space_size=4096 C:\Users\PC\AppData\Roaming\npm\node_modules\node-windows\lib\wrapper.js --file C:\Users\PC\Application\V2.0\restroom\appserver\index.js --scriptoptions= --log "RoomApiServerV2 wrapper" --grow 0.25 --wait 1 --maxrestarts 3 --abortonerror n --stopparentfirst undefined
2024-04-03 10:55:12 - Started 3904
2024-04-22 13:20:03 - Stopping roomapiserverv2.exe
2024-04-22 13:20:03 - ProcessKill 5408
2024-04-22 13:20:03 - Found child process: 5432 Name: conhost.exe
2024-04-22 13:20:03 - Found child process: 3464 Name: node.exe
2024-04-22 13:20:03 - Stopping process 5432
2024-04-22 13:20:03 - Send SIGINT 5432
2024-04-22 13:20:03 - SIGINT to 5432 failed - Killing as fallback
2024-04-22 13:20:03 - Found child process: 6248 Name: cmd.exe
2024-04-22 13:20:03 - Found child process: 6272 Name: conhost.exe
2024-04-22 13:20:03 - Found child process: 8004 Name: node.exe
2024-04-22 13:20:03 - Stopping process 6272
2024-04-22 13:20:03 - Send SIGINT 6272
2024-04-22 13:20:03 - SIGINT to 6272 failed - Killing as fallback
2024-04-22 13:20:03 - Found child process: 6432 Name: cmd.exe
2024-04-22 13:20:03 - Found child process: 7824 Name: node.exe
2024-04-22 13:20:03 - Stopping process 7824
2024-04-22 13:20:03 - Send SIGINT 7824
2024-04-22 13:20:03 - SIGINT to 7824 failed - Killing as fallback
2024-04-22 13:20:03 - Stopping process 6432
2024-04-22 13:20:03 - Send SIGINT 6432
2024-04-22 13:20:03 - SIGINT to 6432 failed - Killing as fallback
2024-04-22 13:20:03 - Stopping process 8004
2024-04-22 13:20:03 - Send SIGINT 8004
2024-04-22 13:20:03 - SIGINT to 8004 failed - Killing as fallback
2024-04-22 13:20:03 - Stopping process 6248
2024-04-22 13:20:03 - Send SIGINT 6248
2024-04-22 13:20:03 - SIGINT to 6248 failed - Killing as fallback
2024-04-22 13:20:03 - Stopping process 3464
2024-04-22 13:20:03 - Send SIGINT 3464
2024-04-22 13:20:03 - SIGINT to 3464 failed - Killing as fallback
2024-04-22 13:20:03 - Stopping process 5408
2024-04-22 13:20:03 - Send SIGINT 5408
2024-04-22 13:20:03 - SIGINT to 5408 failed - Killing as fallback
2024-04-22 13:20:03 - Finished roomapiserverv2.exe
2024-04-30 12:30:13 - Starting C:\Program Files\nodejs\node.exe  --harmony --max_old_space_size=4096 C:\Users\PC\AppData\Roaming\npm\node_modules\node-windows\lib\wrapper.js --file C:\Users\PC\Application\V2.0\restroom\appserver\index.js --scriptoptions= --log "RoomApiServerV2 wrapper" --grow 0.25 --wait 1 --maxrestarts 3 --abortonerror n --stopparentfirst undefined
2024-04-30 12:30:13 - Started 5876
2024-05-18 00:37:21 - Starting C:\Program Files\nodejs\node.exe  --harmony --max_old_space_size=4096 C:\Users\PC\AppData\Roaming\npm\node_modules\node-windows\lib\wrapper.js --file C:\Users\PC\Application\V2.0\restroom\appserver\index.js --scriptoptions= --log "RoomApiServerV2 wrapper" --grow 0.25 --wait 1 --maxrestarts 3 --abortonerror n --stopparentfirst undefined
2024-05-18 00:37:21 - Started 6120
2024-05-27 09:06:11 - Starting C:\Program Files\nodejs\node.exe  --harmony --max_old_space_size=4096 C:\Users\PC\AppData\Roaming\npm\node_modules\node-windows\lib\wrapper.js --file C:\Users\PC\Application\V2.0\restroom\appserver\index.js --scriptoptions= --log "RoomApiServerV2 wrapper" --grow 0.25 --wait 1 --maxrestarts 3 --abortonerror n --stopparentfirst undefined
2024-05-27 09:06:11 - Started 6476
2024-05-31 09:37:25 - Starting C:\Program Files\nodejs\node.exe  --harmony --max_old_space_size=4096 C:\Users\PC\AppData\Roaming\npm\node_modules\node-windows\lib\wrapper.js --file C:\Users\PC\Application\V2.0\restroom\appserver\index.js --scriptoptions= --log "RoomApiServerV2 wrapper" --grow 0.25 --wait 1 --maxrestarts 3 --abortonerror n --stopparentfirst undefined
2024-05-31 09:37:25 - Started 6192
2024-06-04 09:06:20 - Starting C:\Program Files\nodejs\node.exe  --harmony --max_old_space_size=4096 C:\Users\PC\AppData\Roaming\npm\node_modules\node-windows\lib\wrapper.js --file C:\Users\PC\Application\V2.0\restroom\appserver\index.js --scriptoptions= --log "RoomApiServerV2 wrapper" --grow 0.25 --wait 1 --maxrestarts 3 --abortonerror n --stopparentfirst undefined
2024-06-04 09:06:20 - Started 6740
